#
# There is insufficient memory for the Java Runtime Environment to continue.
# Native memory allocation (mmap) failed to map 266338304 bytes for Failed to commit area from 0x0000000703200000 to 0x0000000713000000 of length 266338304.
# Possible reasons:
#   The system is out of physical RAM or swap space
#   The process is running with CompressedOops enabled, and the Java Heap may be blocking the growth of the native heap
# Possible solutions:
#   Reduce memory load on the system
#   Increase physical memory or swap space
#   Check if swap backing store is full
#   Decrease Java heap size (-Xmx/-Xms)
#   Decrease number of Java threads
#   Decrease Java thread stack sizes (-Xss)
#   Set larger code cache with -XX:ReservedCodeCacheSize=
# This output file may be truncated or incomplete.
#
#  Out of Memory Error (./src/hotspot/os/windows/os_windows.cpp:3311), pid=11724, tid=22032
#
# JRE version:  (11.0.12+7) (build )
# Java VM: OpenJDK 64-Bit Server VM (11.0.12+7, mixed mode, sharing, tiered, compressed oops, g1 gc, windows-amd64)
# No core dump will be written. Minidumps are not enabled by default on client versions of Windows
#

---------------  S U M M A R Y ------------

Command Line: org.jetbrains.kotlin.cli.jvm.K2JVMCompiler @D:\project\cherry-go-mobile\node_modules\react-native-text-input-mask\android\build\20211116_6072815784436539969.compiler.options

Host: Intel(R) Core(TM) i7-8750H CPU @ 2.20GHz, 12 cores, 15G,  Windows 10 , 64 bit Build 22000 (10.0.22000.318)
Time: Tue Nov 16 18:52:07 2021 Hora oficial do Brasil elapsed time: 0.117461 seconds (0d 0h 0m 0s)

---------------  T H R E A D  ---------------

Current thread (0x00000237615e1800):  JavaThread "Unknown thread" [_thread_in_vm, id=22032, stack(0x0000008cefc00000,0x0000008cefd00000)]

Stack: [0x0000008cefc00000,0x0000008cefd00000]
Native frames: (J=compiled Java code, j=interpreted, Vv=VM code, C=native code)
V  [jvm.dll+0x659f2a]
V  [jvm.dll+0x79dfce]
V  [jvm.dll+0x79f6bc]
V  [jvm.dll+0x79fd73]
V  [jvm.dll+0x266d58]
V  [jvm.dll+0x65702a]
V  [jvm.dll+0x64b545]
V  [jvm.dll+0x321cec]
V  [jvm.dll+0x321b72]
V  [jvm.dll+0x327476]
V  [jvm.dll+0x374a2f]
V  [jvm.dll+0x374450]
V  [jvm.dll+0x2fd6d8]
V  [jvm.dll+0x2fe846]
V  [jvm.dll+0x776557]
V  [jvm.dll+0x777d1f]
V  [jvm.dll+0x381929]
V  [jvm.dll+0x758d4e]
V  [jvm.dll+0x3f043d]
V  [jvm.dll+0x3f2731]
C  [jli.dll+0x51c7]
C  [ucrtbase.dll+0x26c0c]
C  [KERNEL32.DLL+0x154e0]
C  [ntdll.dll+0x485b]


---------------  P R O C E S S  ---------------

Threads class SMR info:
_java_thread_list=0x000002375f499390, length=0, elements={
}

Java Threads: ( => current thread )

Other Threads:
  0x00000237615f7000 GCTaskThread "GC Thread#0" [stack: 0x0000008cefd00000,0x0000008cefe00000] [id=15280]
  0x0000023761656000 ConcurrentGCThread "G1 Main Marker" [stack: 0x0000008cefe00000,0x0000008ceff00000] [id=14228]
  0x0000023761657800 ConcurrentGCThread "G1 Conc#0" [stack: 0x0000008ceff00000,0x0000008cf0000000] [id=7536]

[error occurred during error reporting (printing all threads), id 0xc0000005, EXCEPTION_ACCESS_VIOLATION (0xc0000005) at pc=0x00007ffb5f27cd07]

VM state:not at safepoint (not fully initialized)

VM Mutex/Monitor currently owned by a thread:  ([mutex/lock_event])
[0x00000237615de750] Heap_lock - owner thread: 0x00000237615e1800

Heap address: 0x0000000703200000, size: 4046 MB, Compressed Oops mode: Non-zero based: 0x0000000703200000
Narrow klass base: 0x0000000000000000, Narrow klass shift: 0

GC Heap History (0 events):
No events

Deoptimization events (0 events):
No events

Classes redefined (0 events):
No events

Internal exceptions (0 events):
No events

Events (1 events):
Event: 0.010 Loaded shared library C:\Program Files\OpenJDK\openjdk-11.0.12_7\bin\zip.dll


Dynamic libraries:
0x00007ff70f750000 - 0x00007ff70f75d000 	C:\Program Files\OpenJDK\openjdk-11.0.12_7\bin\java.exe
0x00007ffba0040000 - 0x00007ffba0247000 	C:\WINDOWS\SYSTEM32\ntdll.dll
0x00007ffb9e650000 - 0x00007ffb9e70d000 	C:\WINDOWS\System32\KERNEL32.DLL
0x00007ffb9d520000 - 0x00007ffb9d894000 	C:\WINDOWS\System32\KERNELBASE.dll
0x00007ffb9dc40000 - 0x00007ffb9dd51000 	C:\WINDOWS\System32\ucrtbase.dll
0x00007ffb969f0000 - 0x00007ffb96a06000 	C:\Program Files\OpenJDK\openjdk-11.0.12_7\bin\VCRUNTIME140.dll
0x00007ffb96a70000 - 0x00007ffb96a88000 	C:\Program Files\OpenJDK\openjdk-11.0.12_7\bin\jli.dll
0x00007ffb9f5d0000 - 0x00007ffb9f77c000 	C:\WINDOWS\System32\USER32.dll
0x00007ffb84750000 - 0x00007ffb849f5000 	C:\WINDOWS\WinSxS\amd64_microsoft.windows.common-controls_6595b64144ccf1df_6.0.22000.120_none_9d947278b86cc467\COMCTL32.dll
0x00007ffb9dea0000 - 0x00007ffb9dec6000 	C:\WINDOWS\System32\win32u.dll
0x00007ffb9fe30000 - 0x00007ffb9fed3000 	C:\WINDOWS\System32\msvcrt.dll
0x00007ffb9e280000 - 0x00007ffb9e2a9000 	C:\WINDOWS\System32\GDI32.dll
0x00007ffb9db20000 - 0x00007ffb9dc32000 	C:\WINDOWS\System32\gdi32full.dll
0x00007ffb9d8a0000 - 0x00007ffb9d93d000 	C:\WINDOWS\System32\msvcp_win.dll
0x00007ffb9e560000 - 0x00007ffb9e591000 	C:\WINDOWS\System32\IMM32.DLL
0x00007ffb7c0c0000 - 0x00007ffb7c16a000 	C:\Program Files\OpenJDK\openjdk-11.0.12_7\bin\msvcp140.dll
0x00007ffb5ef70000 - 0x00007ffb5facd000 	C:\Program Files\OpenJDK\openjdk-11.0.12_7\bin\server\jvm.dll
0x00007ffb9f0a0000 - 0x00007ffb9f14c000 	C:\WINDOWS\System32\ADVAPI32.dll
0x00007ffb9e4c0000 - 0x00007ffb9e55d000 	C:\WINDOWS\System32\sechost.dll
0x00007ffb9def0000 - 0x00007ffb9e011000 	C:\WINDOWS\System32\RPCRT4.dll
0x00007ffb9f5c0000 - 0x00007ffb9f5c8000 	C:\WINDOWS\System32\PSAPI.DLL
0x00007ffb96570000 - 0x00007ffb9657a000 	C:\WINDOWS\SYSTEM32\VERSION.dll
0x00007ffb96700000 - 0x00007ffb96733000 	C:\WINDOWS\SYSTEM32\WINMM.dll
0x00007ffb97a20000 - 0x00007ffb97a29000 	C:\WINDOWS\SYSTEM32\WSOCK32.dll
0x00007ffb9e810000 - 0x00007ffb9e87f000 	C:\WINDOWS\System32\WS2_32.dll
0x00007ffb9c6f0000 - 0x00007ffb9c708000 	C:\WINDOWS\SYSTEM32\kernel.appcore.dll
0x00007ffb96900000 - 0x00007ffb96911000 	C:\Program Files\OpenJDK\openjdk-11.0.12_7\bin\verify.dll
0x00007ffb9b070000 - 0x00007ffb9b291000 	C:\WINDOWS\SYSTEM32\DBGHELP.DLL
0x00007ffb855d0000 - 0x00007ffb85601000 	C:\WINDOWS\SYSTEM32\dbgcore.DLL
0x00007ffb9dd60000 - 0x00007ffb9dde0000 	C:\WINDOWS\System32\bcryptPrimitives.dll
0x00007ffb968d0000 - 0x00007ffb968f9000 	C:\Program Files\OpenJDK\openjdk-11.0.12_7\bin\java.dll
0x00007ffb969a0000 - 0x00007ffb969aa000 	C:\Program Files\OpenJDK\openjdk-11.0.12_7\bin\jimage.dll
0x00007ffb968b0000 - 0x00007ffb968c7000 	C:\Program Files\OpenJDK\openjdk-11.0.12_7\bin\zip.dll

dbghelp: loaded successfully - version: 4.0.5 - missing functions: none
symbol engine: initialized successfully - sym options: 0x614 - pdb path: .;C:\Program Files\OpenJDK\openjdk-11.0.12_7\bin;C:\WINDOWS\SYSTEM32;C:\WINDOWS\WinSxS\amd64_microsoft.windows.common-controls_6595b64144ccf1df_6.0.22000.120_none_9d947278b86cc467;C:\Program Files\OpenJDK\openjdk-11.0.12_7\bin\server

VM Arguments:
java_command: org.jetbrains.kotlin.cli.jvm.K2JVMCompiler @D:\project\cherry-go-mobile\node_modules\react-native-text-input-mask\android\build\20211116_6072815784436539969.compiler.options
java_class_path (initial): C:\Users\ander\.gradle\caches\modules-2\files-2.1\org.jetbrains.kotlin\kotlin-compiler-embeddable\1.4.31\6451ea797cef544e81f507b0d9959cd97ae09c0\kotlin-compiler-embeddable-1.4.31.jar;C:\Users\ander\.gradle\caches\modules-2\files-2.1\org.jetbrains.kotlin\kotlin-reflect\1.4.31\63db9d66c3d20f7b8f66196e7ba86969daae8b8a\kotlin-reflect-1.4.31.jar;C:\Users\ander\.gradle\caches\modules-2\files-2.1\org.jetbrains.kotlin\kotlin-stdlib\1.4.31\a58e0fb9812a6a93ca24b5da75e4b5a0cb89c957\kotlin-stdlib-1.4.31.jar;C:\Users\ander\.gradle\caches\modules-2\files-2.1\org.jetbrains.kotlin\kotlin-script-runtime\1.4.31\183616b52cfb8ddaa8a2a15bf926e87dfcddcde3\kotlin-script-runtime-1.4.31.jar;C:\Users\ander\.gradle\caches\modules-2\files-2.1\org.jetbrains.kotlin\kotlin-daemon-embeddable\1.4.31\10faf8ac3dd5975ed972b2bc395b4ffc7ffde246\kotlin-daemon-embeddable-1.4.31.jar;C:\Users\ander\.gradle\caches\modules-2\files-2.1\org.jetbrains.intellij.deps\trove4j\1.0.20181211\216c2e14b070f334479d800987affe4054cd563f\trove4j-1.0.20181211.jar;C:\Users\ander\.gradle\caches\modules-2\files-2.1\org.jetbrains.kotlin\kotlin-stdlib-common\1.4.31\6dd50665802f54ba9bc3f70ecb20227d1bc81323\kotlin-stdlib-common-1.4.31.jar;C:\Users\ander\.gradle\caches\modules-2\files-2.1\org.jetbrains\annotations\13.0\919f0dfe192fb4e063e7dacadee7f8bb9a2672a9\annotations-13.0.jar
Launcher Type: SUN_STANDARD

[Global flags]
     intx CICompilerCount                          = 4                                         {product} {ergonomic}
     uint ConcGCThreads                            = 3                                         {product} {ergonomic}
     uint G1ConcRefinementThreads                  = 10                                        {product} {ergonomic}
   size_t G1HeapRegionSize                         = 1048576                                   {product} {ergonomic}
    uintx GCDrainStackTargetSize                   = 64                                        {product} {ergonomic}
   size_t InitialHeapSize                          = 266338304                                 {product} {ergonomic}
   size_t MarkStackSize                            = 4194304                                   {product} {ergonomic}
   size_t MaxHeapSize                              = 4242538496                                {product} {ergonomic}
   size_t MinHeapDeltaBytes                        = 1048576                                   {product} {ergonomic}
    uintx NonNMethodCodeHeapSize                   = 5836300                                {pd product} {ergonomic}
    uintx NonProfiledCodeHeapSize                  = 122910970                              {pd product} {ergonomic}
    uintx ProfiledCodeHeapSize                     = 122910970                              {pd product} {ergonomic}
    uintx ReservedCodeCacheSize                    = 251658240                              {pd product} {ergonomic}
     bool SegmentedCodeCache                       = true                                      {product} {ergonomic}
     bool UseCompressedClassPointers               = true                                 {lp64_product} {ergonomic}
     bool UseCompressedOops                        = true                                 {lp64_product} {ergonomic}
     bool UseG1GC                                  = true                                      {product} {ergonomic}
     bool UseLargePagesIndividualAllocation        = false                                  {pd product} {ergonomic}

Logging:
Log output configuration:
 #0: stdout all=warning uptime,level,tags
 #1: stderr all=off uptime,level,tags

Environment Variables:
JAVA_HOME=C:\Program Files\OpenJDK\openjdk-11.0.12_7
CLASSPATH=D:\project\cherry-go-mobile\android\\gradle\wrapper\gradle-wrapper.jar
PATH=D:\project\cherry-go-mobile\android\node_modules\.bin;D:\project\cherry-go-mobile\node_modules\.bin;D:\project\node_modules\.bin;D:\node_modules\.bin;C:\Program Files\nodejs;D:\project\cherry-go-mobile\node_modules\.bin;D:\project\node_modules\.bin;D:\node_modules\.bin;C:\Users\ander\AppData\Roaming\nvm\v16.13.0\node_modules\npm\node_modules\@npmcli\run-script\lib\node-gyp-bin;C:\WINDOWS\system32;C:\WINDOWS;C:\WINDOWS\System32\Wbem;C:\WINDOWS\System32\WindowsPowerShell\v1.0\;C:\WINDOWS\System32\OpenSSH\;C:\Users\ander\AppData\Roaming\nvm;C:\Program Files\nodejs;C:\Program Files\Docker\Docker\resources\bin;C:\ProgramData\DockerDesktop\version-bin;C:\Program Files\Git\cmd;C:\ProgramData\chocolatey\bin;C:\Program Files\OpenJDK\openjdk-11.0.12_7\bin;C:\Users\ander\AppData\Local\Microsoft\WindowsApps;C:\Users\ander\AppData\Roaming\nvm;C:\Program Files\nodejs;C:\Users\ander\AppData\Local\Programs\Microsoft VS Code\bin;C:\Android\Sdk\emulator;C:\Android\Sdk\tools;C:\Android\Sdk\tools\bin;C:\Android\Sdk\platform-tools;C:\Users\ander\AppData\Local\Yarn\bin;;D:\project\cherry-go-mobile\node_modules\.bin
USERNAME=ander
LANG=pt_BR.UTF-8
OS=Windows_NT
PROCESSOR_IDENTIFIER=Intel64 Family 6 Model 158 Stepping 10, GenuineIntel



---------------  S Y S T E M  ---------------

OS: Windows 10 , 64 bit Build 22000 (10.0.22000.318)
OS uptime: 0 days 9:26 hours
Hyper-V role detected

CPU:total 12 (initial active 12) (6 cores per cpu, 2 threads per core) family 6 model 158 stepping 10 microcode 0xea, cmov, cx8, fxsr, mmx, sse, sse2, sse3, ssse3, sse4.1, sse4.2, popcnt, avx, avx2, aes, clmul, erms, 3dnowpref, lzcnt, ht, tsc, tscinvbit, bmi1, bmi2, adx, fma

Memory: 4k page, system-wide physical 16177M (291M free)
TotalPageFile size 44743M (AvailPageFile size 27M)
current process WorkingSet (physical memory assigned to process): 10M, peak: 10M
current process commit charge ("private bytes"): 64M, peak: 318M

vm_info: OpenJDK 64-Bit Server VM (11.0.12+7) for windows-amd64 JRE (11.0.12+7), built on Jul 14 2021 01:51:58 by "" with MS VC++ 15.5 (VS2017)

END.
